Starting BFS; initial state:
[30m█[30m█[30m█[30m█[30m█[30m█[30m█[30m█[30m█[30m█[30m█[30m█
[30m█[30m█[31m█[31m█[31m█[31m█[31m█[31m█[30m█[30m█[30m█[30m█
[30m█[30m█[31m█[31m█[34m█[34m█[31m█[31m█[34m█[34m█[30m█[30m█
[30m█[30m█[31m█[31m█[31m█[31m█[31m█[31m█[30m█[30m█[30m█[30m█
[30m█[30m█[31m█[31m█[30m█[30m█[30m█[30m█[30m█[30m█[30m█[30m█
[30m█[30m█[30m█[30m█[30m█[30m█[30m█[30m█[30m█[30m█[30m█[30m█
[0m
Visited vertex 2
[30m█[30m█[30m█[30m█[30m█[30m█[30m█[30m█[30m█[30m█[30m█[30m█
[30m█[30m█[31m█[31m█[31m█[31m█[32m█[32m█[30m█[30m█[30m█[30m█
[30m█[30m█[31m█[31m█[34m█[34m█[31m█[31m█[34m█[34m█[30m█[30m█
[30m█[30m█[31m█[31m█[31m█[31m█[31m█[31m█[30m█[30m█[30m█[30m█
[30m█[30m█[31m█[31m█[30m█[30m█[30m█[30m█[30m█[30m█[30m█[30m█
[30m█[30m█[30m█[30m█[30m█[30m█[30m█[30m█[30m█[30m█[30m█[30m█
[0m
Visited vertex 1
[30m█[30m█[30m█[30m█[30m█[30m█[30m█[30m█[30m█[30m█[30m█[30m█
[30m█[30m█[31m█[31m█[32m█[32m█[32m█[32m█[30m█[30m█[30m█[30m█
[30m█[30m█[31m█[31m█[34m█[34m█[31m█[31m█[34m█[34m█[30m█[30m█
[30m█[30m█[31m█[31m█[31m█[31m█[31m█[31m█[30m█[30m█[30m█[30m█
[30m█[30m█[31m█[31m█[30m█[30m█[30m█[30m█[30m█[30m█[30m█[30m█
[30m█[30m█[30m█[30m█[30m█[30m█[30m█[30m█[30m█[30m█[30m█[30m█
[0m
Visited vertex 5
[30m█[30m█[30m█[30m█[30m█[30m█[30m█[30m█[30m█[30m█[30m█[30m█
[30m█[30m█[31m█[31m█[32m█[32m█[32m█[32m█[30m█[30m█[30m█[30m█
[30m█[30m█[31m█[31m█[34m█[34m█[32m█[32m█[34m█[34m█[30m█[30m█
[30m█[30m█[31m█[31m█[31m█[31m█[31m█[31m█[30m█[30m█[30m█[30m█
[30m█[30m█[31m█[31m█[30m█[30m█[30m█[30m█[30m█[30m█[30m█[30m█
[30m█[30m█[30m█[30m█[30m█[30m█[30m█[30m█[30m█[30m█[30m█[30m█
[0m
Visited vertex 0
[30m█[30m█[30m█[30m█[30m█[30m█[30m█[30m█[30m█[30m█[30m█[30m█
[30m█[30m█[32m█[32m█[32m█[32m█[32m█[32m█[30m█[30m█[30m█[30m█
[30m█[30m█[31m█[31m█[34m█[34m█[32m█[32m█[34m█[34m█[30m█[30m█
[30m█[30m█[31m█[31m█[31m█[31m█[31m█[31m█[30m█[30m█[30m█[30m█
[30m█[30m█[31m█[31m█[30m█[30m█[30m█[30m█[30m█[30m█[30m█[30m█
[30m█[30m█[30m█[30m█[30m█[30m█[30m█[30m█[30m█[30m█[30m█[30m█
[0m
Visited vertex 9
[30m█[30m█[30m█[30m█[30m█[30m█[30m█[30m█[30m█[30m█[30m█[30m█
[30m█[30m█[32m█[32m█[32m█[32m█[32m█[32m█[30m█[30m█[30m█[30m█
[30m█[30m█[31m█[31m█[34m█[34m█[32m█[32m█[34m█[34m█[30m█[30m█
[30m█[30m█[31m█[31m█[31m█[31m█[32m█[32m█[30m█[30m█[30m█[30m█
[30m█[30m█[31m█[31m█[30m█[30m█[30m█[30m█[30m█[30m█[30m█[30m█
[30m█[30m█[30m█[30m█[30m█[30m█[30m█[30m█[30m█[30m█[30m█[30m█
[0m
Visited vertex 3
[30m█[30m█[30m█[30m█[30m█[30m█[30m█[30m█[30m█[30m█[30m█[30m█
[30m█[30m█[32m█[32m█[32m█[32m█[32m█[32m█[30m█[30m█[30m█[30m█
[30m█[30m█[32m█[32m█[34m█[34m█[32m█[32m█[34m█[34m█[30m█[30m█
[30m█[30m█[31m█[31m█[31m█[31m█[32m█[32m█[30m█[30m█[30m█[30m█
[30m█[30m█[31m█[31m█[30m█[30m█[30m█[30m█[30m█[30m█[30m█[30m█
[30m█[30m█[30m█[30m█[30m█[30m█[30m█[30m█[30m█[30m█[30m█[30m█
[0m
Visited vertex 8
[30m█[30m█[30m█[30m█[30m█[30m█[30m█[30m█[30m█[30m█[30m█[30m█
[30m█[30m█[32m█[32m█[32m█[32m█[32m█[32m█[30m█[30m█[30m█[30m█
[30m█[30m█[32m█[32m█[34m█[34m█[32m█[32m█[34m█[34m█[30m█[30m█
[30m█[30m█[31m█[31m█[32m█[32m█[32m█[32m█[30m█[30m█[30m█[30m█
[30m█[30m█[31m█[31m█[30m█[30m█[30m█[30m█[30m█[30m█[30m█[30m█
[30m█[30m█[30m█[30m█[30m█[30m█[30m█[30m█[30m█[30m█[30m█[30m█
[0m
Visited vertex 7
[30m█[30m█[30m█[30m█[30m█[30m█[30m█[30m█[30m█[30m█[30m█[30m█
[30m█[30m█[32m█[32m█[32m█[32m█[32m█[32m█[30m█[30m█[30m█[30m█
[30m█[30m█[32m█[32m█[34m█[34m█[32m█[32m█[34m█[34m█[30m█[30m█
[30m█[30m█[32m█[32m█[32m█[32m█[32m█[32m█[30m█[30m█[30m█[30m█
[30m█[30m█[31m█[31m█[30m█[30m█[30m█[30m█[30m█[30m█[30m█[30m█
[30m█[30m█[30m█[30m█[30m█[30m█[30m█[30m█[30m█[30m█[30m█[30m█
[0m
Visited vertex 10
[30m█[30m█[30m█[30m█[30m█[30m█[30m█[30m█[30m█[30m█[30m█[30m█
[30m█[30m█[32m█[32m█[32m█[32m█[32m█[32m█[30m█[30m█[30m█[30m█
[30m█[30m█[32m█[32m█[34m█[34m█[32m█[32m█[34m█[34m█[30m█[30m█
[30m█[30m█[32m█[32m█[32m█[32m█[32m█[32m█[30m█[30m█[30m█[30m█
[30m█[30m█[32m█[32m█[30m█[30m█[30m█[30m█[30m█[30m█[30m█[30m█
[30m█[30m█[30m█[30m█[30m█[30m█[30m█[30m█[30m█[30m█[30m█[30m█
[0m
Starting DFS; initial state:
[30m█[30m█[30m█[30m█[30m█[30m█[30m█[30m█[30m█[30m█[30m█[30m█
[30m█[30m█[31m█[31m█[31m█[31m█[31m█[31m█[30m█[30m█[30m█[30m█
[30m█[30m█[31m█[31m█[34m█[34m█[31m█[31m█[34m█[34m█[30m█[30m█
[30m█[30m█[31m█[31m█[31m█[31m█[31m█[31m█[30m█[30m█[30m█[30m█
[30m█[30m█[31m█[31m█[30m█[30m█[30m█[30m█[30m█[30m█[30m█[30m█
[30m█[30m█[30m█[30m█[30m█[30m█[30m█[30m█[30m█[30m█[30m█[30m█
[0m
Visited vertex 2
[30m█[30m█[30m█[30m█[30m█[30m█[30m█[30m█[30m█[30m█[30m█[30m█
[30m█[30m█[31m█[31m█[31m█[31m█[32m█[32m█[30m█[30m█[30m█[30m█
[30m█[30m█[31m█[31m█[34m█[34m█[31m█[31m█[34m█[34m█[30m█[30m█
[30m█[30m█[31m█[31m█[31m█[31m█[31m█[31m█[30m█[30m█[30m█[30m█
[30m█[30m█[31m█[31m█[30m█[30m█[30m█[30m█[30m█[30m█[30m█[30m█
[30m█[30m█[30m█[30m█[30m█[30m█[30m█[30m█[30m█[30m█[30m█[30m█
[0m
Visited vertex 5
[30m█[30m█[30m█[30m█[30m█[30m█[30m█[30m█[30m█[30m█[30m█[30m█
[30m█[30m█[31m█[31m█[31m█[31m█[32m█[32m█[30m█[30m█[30m█[30m█
[30m█[30m█[31m█[31m█[34m█[34m█[32m█[32m█[34m█[34m█[30m█[30m█
[30m█[30m█[31m█[31m█[31m█[31m█[31m█[31m█[30m█[30m█[30m█[30m█
[30m█[30m█[31m█[31m█[30m█[30m█[30m█[30m█[30m█[30m█[30m█[30m█
[30m█[30m█[30m█[30m█[30m█[30m█[30m█[30m█[30m█[30m█[30m█[30m█
[0m
Visited vertex 9
[30m█[30m█[30m█[30m█[30m█[30m█[30m█[30m█[30m█[30m█[30m█[30m█
[30m█[30m█[31m█[31m█[31m█[31m█[32m█[32m█[30m█[30m█[30m█[30m█
[30m█[30m█[31m█[31m█[34m█[34m█[32m█[32m█[34m█[34m█[30m█[30m█
[30m█[30m█[31m█[31m█[31m█[31m█[32m█[32m█[30m█[30m█[30m█[30m█
[30m█[30m█[31m█[31m█[30m█[30m█[30m█[30m█[30m█[30m█[30m█[30m█
[30m█[30m█[30m█[30m█[30m█[30m█[30m█[30m█[30m█[30m█[30m█[30m█
[0m
Visited vertex 8
[30m█[30m█[30m█[30m█[30m█[30m█[30m█[30m█[30m█[30m█[30m█[30m█
[30m█[30m█[31m█[31m█[31m█[31m█[32m█[32m█[30m█[30m█[30m█[30m█
[30m█[30m█[31m█[31m█[34m█[34m█[32m█[32m█[34m█[34m█[30m█[30m█
[30m█[30m█[31m█[31m█[32m█[32m█[32m█[32m█[30m█[30m█[30m█[30m█
[30m█[30m█[31m█[31m█[30m█[30m█[30m█[30m█[30m█[30m█[30m█[30m█
[30m█[30m█[30m█[30m█[30m█[30m█[30m█[30m█[30m█[30m█[30m█[30m█
[0m
Visited vertex 7
[30m█[30m█[30m█[30m█[30m█[30m█[30m█[30m█[30m█[30m█[30m█[30m█
[30m█[30m█[31m█[31m█[31m█[31m█[32m█[32m█[30m█[30m█[30m█[30m█
[30m█[30m█[31m█[31m█[34m█[34m█[32m█[32m█[34m█[34m█[30m█[30m█
[30m█[30m█[32m█[32m█[32m█[32m█[32m█[32m█[30m█[30m█[30m█[30m█
[30m█[30m█[31m█[31m█[30m█[30m█[30m█[30m█[30m█[30m█[30m█[30m█
[30m█[30m█[30m█[30m█[30m█[30m█[30m█[30m█[30m█[30m█[30m█[30m█
[0m
Visited vertex 10
[30m█[30m█[30m█[30m█[30m█[30m█[30m█[30m█[30m█[30m█[30m█[30m█
[30m█[30m█[31m█[31m█[31m█[31m█[32m█[32m█[30m█[30m█[30m█[30m█
[30m█[30m█[31m█[31m█[34m█[34m█[32m█[32m█[34m█[34m█[30m█[30m█
[30m█[30m█[32m█[32m█[32m█[32m█[32m█[32m█[30m█[30m█[30m█[30m█
[30m█[30m█[32m█[32m█[30m█[30m█[30m█[30m█[30m█[30m█[30m█[30m█
[30m█[30m█[30m█[30m█[30m█[30m█[30m█[30m█[30m█[30m█[30m█[30m█
[0m
Visited vertex 3
[30m█[30m█[30m█[30m█[30m█[30m█[30m█[30m█[30m█[30m█[30m█[30m█
[30m█[30m█[31m█[31m█[31m█[31m█[32m█[32m█[30m█[30m█[30m█[30m█
[30m█[30m█[32m█[32m█[34m█[34m█[32m█[32m█[34m█[34m█[30m█[30m█
[30m█[30m█[32m█[32m█[32m█[32m█[32m█[32m█[30m█[30m█[30m█[30m█
[30m█[30m█[32m█[32m█[30m█[30m█[30m█[30m█[30m█[30m█[30m█[30m█
[30m█[30m█[30m█[30m█[30m█[30m█[30m█[30m█[30m█[30m█[30m█[30m█
[0m
Visited vertex 0
[30m█[30m█[30m█[30m█[30m█[30m█[30m█[30m█[30m█[30m█[30m█[30m█
[30m█[30m█[32m█[32m█[31m█[31m█[32m█[32m█[30m█[30m█[30m█[30m█
[30m█[30m█[32m█[32m█[34m█[34m█[32m█[32m█[34m█[34m█[30m█[30m█
[30m█[30m█[32m█[32m█[32m█[32m█[32m█[32m█[30m█[30m█[30m█[30m█
[30m█[30m█[32m█[32m█[30m█[30m█[30m█[30m█[30m█[30m█[30m█[30m█
[30m█[30m█[30m█[30m█[30m█[30m█[30m█[30m█[30m█[30m█[30m█[30m█
[0m
Visited vertex 1
[30m█[30m█[30m█[30m█[30m█[30m█[30m█[30m█[30m█[30m█[30m█[30m█
[30m█[30m█[32m█[32m█[32m█[32m█[32m█[32m█[30m█[30m█[30m█[30m█
[30m█[30m█[32m█[32m█[34m█[34m█[32m█[32m█[34m█[34m█[30m█[30m█
[30m█[30m█[32m█[32m█[32m█[32m█[32m█[32m█[30m█[30m█[30m█[30m█
[30m█[30m█[32m█[32m█[30m█[30m█[30m█[30m█[30m█[30m█[30m█[30m█
[30m█[30m█[30m█[30m█[30m█[30m█[30m█[30m█[30m█[30m█[30m█[30m█
[0m
